<?xml version="1.0" encoding="UTF-8"?>
<testsuite name="LeapYearTest" tests="2" skipped="0" failures="0" errors="0" timestamp="2015-09-28T21:09:29" hostname="epicodus-112.local" time="0.001">
  <properties/>
  <testcase name="isLeapYear_forMultiplesOfFourHundred_true" classname="LeapYearTest" time="0.001"/>
  <testcase name="isLeapYear_forNumberDivisibleByFour_true" classname="LeapYearTest" time="0.0"/>
  <system-out><![CDATA[]]></system-out>
  <system-err><![CDATA[]]></system-err>
</testsuite>
